e:\cmp203-framework-master\graphicsprogramming\graphicsprogramming\debug\vc142.pdb
e:\cmp203-framework-master\graphicsprogramming\graphicsprogramming\debug\vc142.idb
e:\cmp203-framework-master\graphicsprogramming\graphicsprogramming\debug\vector3.obj
e:\cmp203-framework-master\graphicsprogramming\graphicsprogramming\debug\shape.obj
e:\cmp203-framework-master\graphicsprogramming\graphicsprogramming\debug\shadow.obj
e:\cmp203-framework-master\graphicsprogramming\graphicsprogramming\debug\scene.obj
e:\cmp203-framework-master\graphicsprogramming\graphicsprogramming\debug\model.obj
e:\cmp203-framework-master\graphicsprogramming\graphicsprogramming\debug\main.obj
e:\cmp203-framework-master\graphicsprogramming\graphicsprogramming\debug\input.obj
e:\cmp203-framework-master\graphicsprogramming\graphicsprogramming\debug\camera.obj
e:\cmp203-framework-master\graphicsprogramming\debug\graphicsprogramming.pdb
e:\cmp203-framework-master\graphicsprogramming\graphicsprogramming\debug\graphics.0b39da7b.tlog\cl.read.1.tlog
e:\cmp203-framework-master\graphicsprogramming\graphicsprogramming\debug\graphics.0b39da7b.tlog\cl.write.1.tlog
e:\cmp203-framework-master\graphicsprogramming\graphicsprogramming\debug\graphics.0b39da7b.tlog\cl.command.1.tlog
e:\cmp203-framework-master\graphicsprogramming\graphicsprogramming\debug\graphics.0b39da7b.tlog\link-rc.read.1.tlog
e:\cmp203-framework-master\graphicsprogramming\graphicsprogramming\debug\graphics.0b39da7b.tlog\link-rc.write.1.tlog
e:\cmp203-framework-master\graphicsprogramming\graphicsprogramming\debug\graphics.0b39da7b.tlog\link-cvtres.read.1.tlog
e:\cmp203-framework-master\graphicsprogramming\graphicsprogramming\debug\graphics.0b39da7b.tlog\link-cvtres.write.1.tlog
e:\cmp203-framework-master\graphicsprogramming\graphicsprogramming\debug\graphics.0b39da7b.tlog\link.read.1.tlog
e:\cmp203-framework-master\graphicsprogramming\graphicsprogramming\debug\graphics.0b39da7b.tlog\link.write.1.tlog
e:\cmp203-framework-master\graphicsprogramming\graphicsprogramming\debug\graphics.0b39da7b.tlog\link.command.1.tlog
